<?xml version="1.0" encoding="UTF-8"?>
<robot generator="Robot 4.1 (Python 3.9.6 on win32)" generated="20210803 22:37:31.882" rpa="false" schemaversion="2">
<suite id="s1" name="Amazon" source="C:\development\robot-scripts\AmazonNL\Tests\Amazon.robot">
<test id="s1-t1" name="Het inloggen in amazon.nl">
<kw name="Open Browser" library="SeleniumLibrary">
<arg>about:blank</arg>
<arg>${Browser}</arg>
<doc>Opens a new browser instance to the optional ``url``.</doc>
<msg timestamp="20210803 22:37:32.114" level="INFO">Opening browser 'Chrome' to base url 'about:blank'.</msg>
<status status="PASS" starttime="20210803 22:37:32.114" endtime="20210803 22:37:33.349"/>
</kw>
<kw name="Go To" library="SeleniumLibrary">
<arg>${URL}</arg>
<doc>Navigates the current browser window to the provided ``url``.</doc>
<msg timestamp="20210803 22:37:33.350" level="INFO">Opening url 'http://www.amazon.nl'</msg>
<status status="PASS" starttime="20210803 22:37:33.349" endtime="20210803 22:37:34.571"/>
</kw>
<kw name="Maximize Browser Window" library="SeleniumLibrary">
<doc>Maximizes current browser window.</doc>
<status status="PASS" starttime="20210803 22:37:34.572" endtime="20210803 22:37:34.707"/>
</kw>
<kw name="Click Element" library="SeleniumLibrary">
<arg>//*[@id="sp-cc-accept"]</arg>
<doc>Click the element identified by ``locator``.</doc>
<msg timestamp="20210803 22:37:34.710" level="INFO">Clicking element '//*[@id="sp-cc-accept"]'.</msg>
<status status="PASS" starttime="20210803 22:37:34.708" endtime="20210803 22:37:34.877"/>
</kw>
<kw name="Input Text" library="SeleniumLibrary">
<arg>//*[@id="twotabsearchtextbox"]</arg>
<arg>${artikel1}</arg>
<doc>Types the given ``text`` into the text field identified by ``locator``.</doc>
<msg timestamp="20210803 22:37:34.878" level="INFO">Typing text 'Porsche 911 Carrera 4S Cabrio' into text field '//*[@id="twotabsearchtextbox"]'.</msg>
<status status="PASS" starttime="20210803 22:37:34.878" endtime="20210803 22:37:35.049"/>
</kw>
<kw name="Click Element" library="SeleniumLibrary">
<arg>//*[@id="nav-search-submit-button"]</arg>
<doc>Click the element identified by ``locator``.</doc>
<msg timestamp="20210803 22:37:35.049" level="INFO">Clicking element '//*[@id="nav-search-submit-button"]'.</msg>
<status status="PASS" starttime="20210803 22:37:35.049" endtime="20210803 22:37:36.190"/>
</kw>
<tag>inloggen</tag>
<status status="PASS" starttime="20210803 22:37:32.113" endtime="20210803 22:37:36.191"/>
</test>
<doc>Deze test zoekt een porsche uit in Amazon.nl</doc>
<status status="PASS" starttime="20210803 22:37:31.885" endtime="20210803 22:37:36.194"/>
</suite>
<statistics>
<total>
<stat pass="1" fail="0" skip="0">All Tests</stat>
</total>
<tag>
<stat pass="1" fail="0" skip="0">inloggen</stat>
</tag>
<suite>
<stat pass="1" fail="0" skip="0" id="s1" name="Amazon">Amazon</stat>
</suite>
</statistics>
<errors>
</errors>
</robot>
